<?xml version="1.0" encoding="UTF-8"?>
<testng-results skipped="0" failed="0" ignored="0" total="1" passed="1">
  <reporter-output>
  </reporter-output>
  <suite name="Default suite" duration-ms="64875" started-at="2018-02-13T04:45:35Z" finished-at="2018-02-13T04:46:40Z">
    <groups>
    </groups>
    <test name="Default test" duration-ms="64875" started-at="2018-02-13T04:45:35Z" finished-at="2018-02-13T04:46:40Z">
      <class name="scenarios.AppiumTest">
        <test-method status="PASS" signature="beforeTest()[pri:0, instance:scenarios.AppiumTest@5034c75a]" name="beforeTest" is-config="true" duration-ms="38617" started-at="2018-02-13T10:15:35Z" finished-at="2018-02-13T10:16:13Z">
          <reporter-output>
          </reporter-output>
        </test-method> <!-- beforeTest -->
        <test-method status="PASS" signature="signIn()[pri:0, instance:scenarios.AppiumTest@5034c75a]" name="signIn" duration-ms="23856" started-at="2018-02-13T10:16:13Z" finished-at="2018-02-13T10:16:37Z">
          <reporter-output>
          </reporter-output>
        </test-method> <!-- signIn -->
        <test-method status="PASS" signature="afterTest()[pri:0, instance:scenarios.AppiumTest@5034c75a]" name="afterTest" is-config="true" duration-ms="2365" started-at="2018-02-13T10:16:37Z" finished-at="2018-02-13T10:16:40Z">
          <reporter-output>
          </reporter-output>
        </test-method> <!-- afterTest -->
      </class> <!-- scenarios.AppiumTest -->
    </test> <!-- Default test -->
  </suite> <!-- Default suite -->
</testng-results>
